2023-09-19 12:33:08.799 [error] Error: The editor could not be opened because the file was not found.
    at L.handleSetInputError (vscode-file://vscode-app/usr/share/vscodium/resources/app/out/vs/workbench/workbench.desktop.main.js:2324:30242)
    at async L.setInput (vscode-file://vscode-app/usr/share/vscodium/resources/app/out/vs/workbench/workbench.desktop.main.js:2324:29105)
    at async s.doSetInput (vscode-file://vscode-app/usr/share/vscodium/resources/app/out/vs/workbench/workbench.desktop.main.js:2322:32218)
    at async s.doOpenEditor (vscode-file://vscode-app/usr/share/vscodium/resources/app/out/vs/workbench/workbench.desktop.main.js:2322:30137)
    at async s.openEditor (vscode-file://vscode-app/usr/share/vscodium/resources/app/out/vs/workbench/workbench.desktop.main.js:2322:28885)
    at async vscode-file://vscode-app/usr/share/vscodium/resources/app/out/vs/workbench/workbench.desktop.main.js:2511:16916
2023-09-19 12:33:08.837 [info] Started initializing default profile extensions in extensions installation folder. file:///home/vv/.vscode-oss/extensions
2023-09-19 12:33:08.994 [info] Completed initializing default profile extensions in extensions installation folder. file:///home/vv/.vscode-oss/extensions
2023-09-19 12:33:11.809 [info] [perf] Render performance baseline is 22ms
2023-09-19 12:33:13.266 [error] Error: The editor could not be opened because the file was not found.
    at L.handleSetInputError (vscode-file://vscode-app/usr/share/vscodium/resources/app/out/vs/workbench/workbench.desktop.main.js:2324:30242)
    at async L.setInput (vscode-file://vscode-app/usr/share/vscodium/resources/app/out/vs/workbench/workbench.desktop.main.js:2324:29105)
    at async s.doSetInput (vscode-file://vscode-app/usr/share/vscodium/resources/app/out/vs/workbench/workbench.desktop.main.js:2322:32218)
    at async s.doOpenEditor (vscode-file://vscode-app/usr/share/vscodium/resources/app/out/vs/workbench/workbench.desktop.main.js:2322:30137)
    at async s.openEditor (vscode-file://vscode-app/usr/share/vscodium/resources/app/out/vs/workbench/workbench.desktop.main.js:2322:28885)
    at async vscode-file://vscode-app/usr/share/vscodium/resources/app/out/vs/workbench/workbench.desktop.main.js:2511:16916
2023-09-19 12:33:14.953 [error] Error: The editor could not be opened because the file was not found.
    at L.handleSetInputError (vscode-file://vscode-app/usr/share/vscodium/resources/app/out/vs/workbench/workbench.desktop.main.js:2324:30242)
    at async L.setInput (vscode-file://vscode-app/usr/share/vscodium/resources/app/out/vs/workbench/workbench.desktop.main.js:2324:29105)
    at async s.doSetInput (vscode-file://vscode-app/usr/share/vscodium/resources/app/out/vs/workbench/workbench.desktop.main.js:2322:32218)
    at async s.doOpenEditor (vscode-file://vscode-app/usr/share/vscodium/resources/app/out/vs/workbench/workbench.desktop.main.js:2322:30137)
    at async s.openEditor (vscode-file://vscode-app/usr/share/vscodium/resources/app/out/vs/workbench/workbench.desktop.main.js:2322:28885)
    at async vscode-file://vscode-app/usr/share/vscodium/resources/app/out/vs/workbench/workbench.desktop.main.js:2511:16916
2023-09-19 12:33:15.420 [error] Error: The editor could not be opened because the file was not found.
    at L.handleSetInputError (vscode-file://vscode-app/usr/share/vscodium/resources/app/out/vs/workbench/workbench.desktop.main.js:2324:30242)
    at async L.setInput (vscode-file://vscode-app/usr/share/vscodium/resources/app/out/vs/workbench/workbench.desktop.main.js:2324:29105)
    at async s.doSetInput (vscode-file://vscode-app/usr/share/vscodium/resources/app/out/vs/workbench/workbench.desktop.main.js:2322:32218)
    at async s.doOpenEditor (vscode-file://vscode-app/usr/share/vscodium/resources/app/out/vs/workbench/workbench.desktop.main.js:2322:30137)
    at async s.openEditor (vscode-file://vscode-app/usr/share/vscodium/resources/app/out/vs/workbench/workbench.desktop.main.js:2322:28885)
    at async vscode-file://vscode-app/usr/share/vscodium/resources/app/out/vs/workbench/workbench.desktop.main.js:2511:16916
